0 info it worked if it ends with ok
1 verbose cli [ 'node',
1 verbose cli   '/usr/local/bin/npm',
1 verbose cli   'install',
1 verbose cli   '-g',
1 verbose cli   'browserify',
1 verbose cli   'minify' ]
2 info using npm@1.4.28
3 info using node@v0.10.32
4 verbose cache add [ 'browserify', null ]
5 verbose cache add name=undefined spec="browserify" args=["browserify",null]
6 verbose parsed url { protocol: null,
6 verbose parsed url   slashes: null,
6 verbose parsed url   auth: null,
6 verbose parsed url   host: null,
6 verbose parsed url   port: null,
6 verbose parsed url   hostname: null,
6 verbose parsed url   hash: null,
6 verbose parsed url   search: null,
6 verbose parsed url   query: null,
6 verbose parsed url   pathname: 'browserify',
6 verbose parsed url   path: 'browserify',
6 verbose parsed url   href: 'browserify' }
7 verbose cache add [ 'minify', null ]
8 verbose cache add name=undefined spec="minify" args=["minify",null]
9 verbose parsed url { protocol: null,
9 verbose parsed url   slashes: null,
9 verbose parsed url   auth: null,
9 verbose parsed url   host: null,
9 verbose parsed url   port: null,
9 verbose parsed url   hostname: null,
9 verbose parsed url   hash: null,
9 verbose parsed url   search: null,
9 verbose parsed url   query: null,
9 verbose parsed url   pathname: 'minify',
9 verbose parsed url   path: 'minify',
9 verbose parsed url   href: 'minify' }
10 silly lockFile 84c1c54e-browserify browserify
11 verbose lock browserify /Users/abutair/.npm/84c1c54e-browserify.lock
12 silly lockFile 4584990e-minify minify
13 verbose lock minify /Users/abutair/.npm/4584990e-minify.lock
14 silly lockFile 84c1c54e-browserify browserify
15 silly lockFile 84c1c54e-browserify browserify
16 silly lockFile 4584990e-minify minify
17 silly lockFile 4584990e-minify minify
18 verbose addNamed [ 'browserify', '' ]
19 verbose addNamed [ null, '*' ]
20 silly lockFile 80140245-browserify browserify@
21 verbose lock browserify@ /Users/abutair/.npm/80140245-browserify.lock
22 verbose addNamed [ 'minify', '' ]
23 verbose addNamed [ null, '*' ]
24 silly lockFile 956ebbaa-minify minify@
25 verbose lock minify@ /Users/abutair/.npm/956ebbaa-minify.lock
26 silly addNameRange { name: 'browserify', range: '*', hasData: false }
27 silly addNameRange { name: 'minify', range: '*', hasData: false }
28 verbose request where is /minify
29 verbose request registry https://registry.npmjs.org/
30 verbose request id 399aaea4203f92cc
31 verbose url raw /minify
32 verbose url resolving [ 'https://registry.npmjs.org/', './minify' ]
33 verbose url resolved https://registry.npmjs.org/minify
34 verbose request where is https://registry.npmjs.org/minify
35 info trying registry request attempt 1 at 23:37:03
36 http GET https://registry.npmjs.org/minify
37 verbose request where is /browserify
38 verbose request registry https://registry.npmjs.org/
39 verbose url raw /browserify
40 verbose url resolving [ 'https://registry.npmjs.org/', './browserify' ]
41 verbose url resolved https://registry.npmjs.org/browserify
42 verbose request where is https://registry.npmjs.org/browserify
43 info trying registry request attempt 1 at 23:37:03
44 verbose etag "326Q24DBQ8NDW4DWI03V5OFVP"
45 http GET https://registry.npmjs.org/browserify
46 http 200 https://registry.npmjs.org/browserify
47 silly registry.get cb [ 200,
47 silly registry.get   { date: 'Mon, 13 Oct 2014 03:37:04 GMT',
47 silly registry.get     server: 'CouchDB/1.5.0 (Erlang OTP/R16B03)',
47 silly registry.get     etag: '"1XT8VR8HPLP24FWTZ3HW6L9V2"',
47 silly registry.get     'content-type': 'application/json',
47 silly registry.get     'cache-control': 'max-age=60',
47 silly registry.get     'content-length': '710130',
47 silly registry.get     'accept-ranges': 'bytes',
47 silly registry.get     via: '1.1 varnish',
47 silly registry.get     age: '1219',
47 silly registry.get     'x-served-by': 'cache-atl6222-ATL',
47 silly registry.get     'x-cache': 'HIT',
47 silly registry.get     'x-cache-hits': '1',
47 silly registry.get     'x-timer': 'S1413171424.453650,VS0,VE320',
47 silly registry.get     vary: 'Accept',
47 silly registry.get     'keep-alive': 'timeout=10, max=50',
47 silly registry.get     connection: 'Keep-Alive' } ]
48 http 200 https://registry.npmjs.org/minify
49 silly registry.get cb [ 200,
49 silly registry.get   { date: 'Mon, 13 Oct 2014 03:37:05 GMT',
49 silly registry.get     server: 'CouchDB/1.5.0 (Erlang OTP/R16B03)',
49 silly registry.get     etag: '"EZAT4FICBALYX9IQHJ0KHGYN5"',
49 silly registry.get     'content-type': 'application/json',
49 silly registry.get     'cache-control': 'max-age=60',
49 silly registry.get     'content-length': '49301',
49 silly registry.get     'accept-ranges': 'bytes',
49 silly registry.get     via: '1.1 varnish',
49 silly registry.get     age: '0',
49 silly registry.get     'x-served-by': 'cache-atl6229-ATL',
49 silly registry.get     'x-cache': 'MISS',
49 silly registry.get     'x-cache-hits': '0',
49 silly registry.get     'x-timer': 'S1413171424.453930,VS0,VE655',
49 silly registry.get     vary: 'Accept',
49 silly registry.get     'keep-alive': 'timeout=10, max=50',
49 silly registry.get     connection: 'Keep-Alive' } ]
50 silly addNameRange number 2 { name: 'browserify', range: '*', hasData: true }
51 silly addNameRange versions [ 'browserify',
51 silly addNameRange   [ '0.0.1',
51 silly addNameRange     '0.0.2',
51 silly addNameRange     '0.0.3',
51 silly addNameRange     '0.0.4',
51 silly addNameRange     '0.0.5',
51 silly addNameRange     '0.1.0',
51 silly addNameRange     '0.1.1',
51 silly addNameRange     '0.1.2',
51 silly addNameRange     '0.1.3',
51 silly addNameRange     '0.1.4',
51 silly addNameRange     '0.1.5',
51 silly addNameRange     '0.2.0',
51 silly addNameRange     '0.2.1',
51 silly addNameRange     '0.2.2',
51 silly addNameRange     '0.2.3',
51 silly addNameRange     '0.2.4',
51 silly addNameRange     '0.2.5',
51 silly addNameRange     '0.2.6',
51 silly addNameRange     '0.2.7',
51 silly addNameRange     '0.2.8',
51 silly addNameRange     '0.2.9',
51 silly addNameRange     '0.2.10',
51 silly addNameRange     '0.2.11',
51 silly addNameRange     '0.3.0',
51 silly addNameRange     '0.3.1',
51 silly addNameRange     '0.3.2',
51 silly addNameRange     '0.3.3',
51 silly addNameRange     '0.3.4',
51 silly addNameRange     '0.3.5',
51 silly addNameRange     '0.3.6',
51 silly addNameRange     '0.3.7',
51 silly addNameRange     '0.4.0',
51 silly addNameRange     '0.4.1',
51 silly addNameRange     '0.4.2',
51 silly addNameRange     '0.4.3',
51 silly addNameRange     '0.4.4',
51 silly addNameRange     '0.4.5',
51 silly addNameRange     '0.4.6',
51 silly addNameRange     '0.4.7',
51 silly addNameRange     '0.4.8',
51 silly addNameRange     '0.4.9',
51 silly addNameRange     '0.4.10',
51 silly addNameRange     '0.4.11',
51 silly addNameRange     '0.4.12',
51 silly addNameRange     '0.4.13',
51 silly addNameRange     '0.4.14',
51 silly addNameRange     '0.4.15',
51 silly addNameRange     '0.5.0',
51 silly addNameRange     '0.5.1',
51 silly addNameRange     '0.5.2',
51 silly addNameRange     '1.0.0',
51 silly addNameRange     '1.1.0',
51 silly addNameRange     '1.1.1',
51 silly addNameRange     '1.1.2',
51 silly addNameRange     '1.1.3',
51 silly addNameRange     '1.1.4',
51 silly addNameRange     '1.2.0',
51 silly addNameRange     '1.2.1',
51 silly addNameRange     '1.2.2',
51 silly addNameRange     '1.2.3',
51 silly addNameRange     '1.2.4',
51 silly addNameRange     '1.2.5',
51 silly addNameRange     '1.2.6',
51 silly addNameRange     '1.2.7',
51 silly addNameRange     '1.2.8',
51 silly addNameRange     '1.2.9',
51 silly addNameRange     '1.3.0',
51 silly addNameRange     '1.4.0',
51 silly addNameRange     '1.4.1',
51 silly addNameRange     '1.4.2',
51 silly addNameRange     '1.4.3',
51 silly addNameRange     '1.4.4',
51 silly addNameRange     '1.4.5',
51 silly addNameRange     '1.4.6',
51 silly addNameRange     '1.4.7',
51 silly addNameRange     '1.4.8',
51 silly addNameRange     '1.5.0',
51 silly addNameRange     '1.6.0',
51 silly addNameRange     '1.6.1',
51 silly addNameRange     '1.7.0',
51 silly addNameRange     '1.7.1',
51 silly addNameRange     '1.7.2',
51 silly addNameRange     '1.7.3',
51 silly addNameRange     '1.7.4',
51 silly addNameRange     '1.7.5',
51 silly addNameRange     '1.7.6',
51 silly addNameRange     '1.7.7',
51 silly addNameRange     '1.8.0',
51 silly addNameRange     '1.8.1',
51 silly addNameRange     '1.8.2',
51 silly addNameRange     '1.8.3',
51 silly addNameRange     '1.9.0',
51 silly addNameRange     '1.9.1',
51 silly addNameRange     '1.9.2',
51 silly addNameRange     '1.9.3',
51 silly addNameRange     '1.9.4',
51 silly addNameRange     '1.10.0',
51 silly addNameRange     '1.10.1',
51 silly addNameRange     '1.10.2',
51 silly addNameRange     '1.10.3',
51 silly addNameRange     '1.10.4',
51 silly addNameRange     '1.10.5',
51 silly addNameRange     '1.10.6',
51 silly addNameRange     '1.10.7',
51 silly addNameRange     '1.10.8',
51 silly addNameRange     '1.10.9',
51 silly addNameRange     '1.10.11',
51 silly addNameRange     '1.10.12',
51 silly addNameRange     '1.10.13',
51 silly addNameRange     '1.10.14',
51 silly addNameRange     '1.10.15',
51 silly addNameRange     '1.10.16',
51 silly addNameRange     '1.10.17',
51 silly addNameRange     '1.11.0',
51 silly addNameRange     '1.11.1',
51 silly addNameRange     '1.12.0',
51 silly addNameRange     '1.12.1',
51 silly addNameRange     '1.12.2',
51 silly addNameRange     '1.12.3',
51 silly addNameRange     '1.13.0',
51 silly addNameRange     '1.13.1',
51 silly addNameRange     '1.13.2',
51 silly addNameRange     '1.13.3',
51 silly addNameRange     '1.13.4',
51 silly addNameRange     '1.13.5',
51 silly addNameRange     '1.13.6',
51 silly addNameRange     '1.13.8',
51 silly addNameRange     '1.13.9',
51 silly addNameRange     '1.13.10',
51 silly addNameRange     '1.14.0',
51 silly addNameRange     '1.14.1',
51 silly addNameRange     '1.14.2',
51 silly addNameRange     '1.14.3',
51 silly addNameRange     '1.14.4',
51 silly addNameRange     '1.14.5',
51 silly addNameRange     '1.15.0',
51 silly addNameRange     '1.15.1',
51 silly addNameRange     '1.15.2',
51 silly addNameRange     '1.15.3',
51 silly addNameRange     '1.15.4',
51 silly addNameRange     '1.15.5',
51 silly addNameRange     '1.15.6',
51 silly addNameRange     '1.16.0',
51 silly addNameRange     '1.16.1',
51 silly addNameRange     '1.16.2',
51 silly addNameRange     '1.16.3',
51 silly addNameRange     '1.16.4',
51 silly addNameRange     '1.16.5',
51 silly addNameRange     '1.16.6',
51 silly addNameRange     '1.16.7',
51 silly addNameRange     '1.16.8',
51 silly addNameRange     '1.17.0',
51 silly addNameRange     '1.17.1',
51 silly addNameRange     '1.17.2',
51 silly addNameRange     '1.17.3',
51 silly addNameRange     '1.18.0',
51 silly addNameRange     '2.0.0',
51 silly addNameRange     '2.0.1',
51 silly addNameRange     '2.1.0',
51 silly addNameRange     '2.2.0',
51 silly addNameRange     '2.2.1',
51 silly addNameRange     '2.2.2',
51 silly addNameRange     '2.2.3',
51 silly addNameRange     '2.2.4',
51 silly addNameRange     '2.2.5',
51 silly addNameRange     '2.2.6',
51 silly addNameRange     '2.3.0',
51 silly addNameRange     '2.3.1',
51 silly addNameRange     '2.4.0',
51 silly addNameRange     '2.4.1',
51 silly addNameRange     '2.4.2',
51 silly addNameRange     '2.4.3',
51 silly addNameRange     '2.5.0',
51 silly addNameRange     '2.5.1',
51 silly addNameRange     '2.6.0',
51 silly addNameRange     '2.6.1',
51 silly addNameRange     '2.7.0',
51 silly addNameRange     '2.7.1',
51 silly addNameRange     '2.7.2',
51 silly addNameRange     '2.7.3',
51 silly addNameRange     '2.7.4',
51 silly addNameRange     '2.8.0',
51 silly addNameRange     '2.8.1',
51 silly addNameRange     '2.9.0',
51 silly addNameRange     '2.10.0',
51 silly addNameRange     '2.10.1',
51 silly addNameRange     '2.10.2',
51 silly addNameRange     '2.11.0',
51 silly addNameRange     '2.12.0',
51 silly addNameRange     '2.12.1',
51 silly addNameRange     '2.12.2',
51 silly addNameRange     '2.12.3',
51 silly addNameRange     '2.12.4',
51 silly addNameRange     '2.12.5',
51 silly addNameRange     '2.13.0',
51 silly addNameRange     '2.13.1',
51 silly addNameRange     '2.13.2',
51 silly addNameRange     '2.13.3',
51 silly addNameRange     '2.14.0',
51 silly addNameRange     '2.14.1',
51 silly addNameRange     '2.14.2',
51 silly addNameRange     '2.15.0',
51 silly addNameRange     '2.16.0',
51 silly addNameRange     '2.17.0',
51 silly addNameRange     '2.17.1',
51 silly addNameRange     '2.17.2',
51 silly addNameRange     '2.17.3',
51 silly addNameRange     '2.17.4',
51 silly addNameRange     '2.18.0',
51 silly addNameRange     '2.18.1',
51 silly addNameRange     '2.19.0',
51 silly addNameRange     '2.20.0',
51 silly addNameRange     '2.20.1',
51 silly addNameRange     '2.20.2',
51 silly addNameRange     '2.21.0',
51 silly addNameRange     '2.22.0',
51 silly addNameRange     '2.23.0',
51 silly addNameRange     '2.23.1',
51 silly addNameRange     '2.24.0',
51 silly addNameRange     '2.24.1',
51 silly addNameRange     '2.24.2',
51 silly addNameRange     '2.24.3',
51 silly addNameRange     '2.25.0',
51 silly addNameRange     '2.25.1',
51 silly addNameRange     '2.26.0',
51 silly addNameRange     '2.27.0',
51 silly addNameRange     '2.27.1',
51 silly addNameRange     '2.28.0',
51 silly addNameRange     '2.29.0',
51 silly addNameRange     '2.29.1',
51 silly addNameRange     '2.30.0',
51 silly addNameRange     '2.31.0',
51 silly addNameRange     '2.32.0',
51 silly addNameRange     '2.32.1',
51 silly addNameRange     '2.32.2',
51 silly addNameRange     '2.32.3',
51 silly addNameRange     '2.32.4',
51 silly addNameRange     '2.33.0',
51 silly addNameRange     '2.33.1',
51 silly addNameRange     '2.34.0',
51 silly addNameRange     '2.34.1',
51 silly addNameRange     '2.34.2',
51 silly addNameRange     '2.34.3',
51 silly addNameRange     '2.35.0',
51 silly addNameRange     '2.35.1',
51 silly addNameRange     '2.35.2',
51 silly addNameRange     '2.35.3',
51 silly addNameRange     '2.35.4',
51 silly addNameRange     '2.36.0',
51 silly addNameRange     '2.36.1',
51 silly addNameRange     '3.0.0',
51 silly addNameRange     '3.1.0',
51 silly addNameRange     '3.1.1',
51 silly addNameRange     '3.1.2',
51 silly addNameRange     '3.1.3',
51 silly addNameRange     '3.2.0',
51 silly addNameRange     '3.2.1',
51 silly addNameRange     '3.2.2',
51 silly addNameRange     '3.3.0',
51 silly addNameRange     '3.4.0',
51 silly addNameRange     '3.4.1',
51 silly addNameRange     '3.5.0',
51 silly addNameRange     '3.6.0',
51 silly addNameRange     '3.7.0',
51 silly addNameRange     '3.8.0',
51 silly addNameRange     '3.8.1',
51 silly addNameRange     '3.9.0',
51 silly addNameRange     '3.9.1',
51 silly addNameRange     '3.10.0',
51 silly addNameRange     '3.11.0',
51 silly addNameRange     '3.11.1',
51 silly addNameRange     '3.12.0',
51 silly addNameRange     '3.13.0',
51 silly addNameRange     '3.14.0',
51 silly addNameRange     '3.14.1',
51 silly addNameRange     '3.16.0',
51 silly addNameRange     '3.16.1',
51 silly addNameRange     '3.17.0',
51 silly addNameRange     '3.18.0',
51 silly addNameRange     '3.19.0',
51 silly addNameRange     '3.19.1',
51 silly addNameRange     '3.20.0',
51 silly addNameRange     '3.20.1',
51 silly addNameRange     '3.20.2',
51 silly addNameRange     '3.21.0',
51 silly addNameRange     '3.21.1',
51 silly addNameRange     '3.22.0',
51 silly addNameRange     '3.22.1',
51 silly addNameRange     '3.23.0',
51 silly addNameRange     '3.23.1',
51 silly addNameRange     '3.24.0',
51 silly addNameRange     '3.24.1',
51 silly addNameRange     '3.24.2',
51 silly addNameRange     '3.24.3',
51 silly addNameRange     '3.24.4',
51 silly addNameRange     '3.24.5',
51 silly addNameRange     '3.24.6',
51 silly addNameRange     '3.24.7',
51 silly addNameRange     '3.24.8',
51 silly addNameRange     '3.24.9',
51 silly addNameRange     '3.24.10',
51 silly addNameRange     '3.24.11',
51 silly addNameRange     '3.24.13',
51 silly addNameRange     '3.25.0',
51 silly addNameRange     '3.25.1',
51 silly addNameRange     '3.25.2',
51 silly addNameRange     '3.26.0',
51 silly addNameRange     '3.27.0',
51 silly addNameRange     '3.27.1',
51 silly addNameRange     '3.28.0',
51 silly addNameRange     '3.28.1',
51 silly addNameRange     '3.28.2',
51 silly addNameRange     '3.29.0',
51 silly addNameRange     '3.29.1',
51 silly addNameRange     '3.30.0',
51 silly addNameRange     '3.30.1',
51 silly addNameRange     '3.30.2',
51 silly addNameRange     '3.30.3',
51 silly addNameRange     '3.30.4',
51 silly addNameRange     '3.31.0',
51 silly addNameRange     '3.31.1',
51 silly addNameRange     '3.31.2',
51 silly addNameRange     '3.32.0',
51 silly addNameRange     '3.32.1',
51 silly addNameRange     '3.33.0',
51 silly addNameRange     '3.33.1',
51 silly addNameRange     '3.34.0',
51 silly addNameRange     '3.35.0',
51 silly addNameRange     '3.36.0',
51 silly addNameRange     '3.36.1',
51 silly addNameRange     '3.37.0',
51 silly addNameRange     '3.37.1',
51 silly addNameRange     '3.37.2',
51 silly addNameRange     '3.38.0',
51 silly addNameRange     '3.38.1',
51 silly addNameRange     '3.39.0',
51 silly addNameRange     '3.40.0',
51 silly addNameRange     '3.40.1',
51 silly addNameRange     '3.40.2',
51 silly addNameRange     '3.40.3',
51 silly addNameRange     '3.40.4',
51 silly addNameRange     '3.41.0',
51 silly addNameRange     '3.42.0',
51 silly addNameRange     '3.43.0',
51 silly addNameRange     '3.44.0',
51 silly addNameRange     '3.44.1',
51 silly addNameRange     '3.44.2',
51 silly addNameRange     '3.45.0',
51 silly addNameRange     '3.46.0',
51 silly addNameRange     '3.46.1',
51 silly addNameRange     '4.0.0',
51 silly addNameRange     '4.1.0',
51 silly addNameRange     '4.1.1',
51 silly addNameRange     '4.1.2',
51 silly addNameRange     '4.1.3',
51 silly addNameRange     '4.1.4',
51 silly addNameRange     '4.1.5',
51 silly addNameRange     '4.1.6',
51 silly addNameRange     '4.1.7',
51 silly addNameRange     '4.1.8',
51 silly addNameRange     '4.1.9',
51 silly addNameRange     '4.1.10',
51 silly addNameRange     '4.1.11',
51 silly addNameRange     '4.2.0',
51 silly addNameRange     '4.2.1',
51 silly addNameRange     '4.2.2',
51 silly addNameRange     '4.2.3',
51 silly addNameRange     '5.0.0',
51 silly addNameRange     '5.0.1',
51 silly addNameRange     '5.0.2',
51 silly addNameRange     '5.0.3',
51 silly addNameRange     '5.0.4',
51 silly addNameRange     '5.0.5',
51 silly addNameRange     '5.0.6',
51 silly addNameRange     '5.0.7',
51 silly addNameRange     '5.0.8',
51 silly addNameRange     '5.1.0',
51 silly addNameRange     '5.1.1',
51 silly addNameRange     '5.2.0',
51 silly addNameRange     '5.2.1',
51 silly addNameRange     '5.3.0',
51 silly addNameRange     '5.4.0',
51 silly addNameRange     '5.4.1',
51 silly addNameRange     '5.4.2',
51 silly addNameRange     '5.5.0',
51 silly addNameRange     '5.6.0',
51 silly addNameRange     '5.6.1',
51 silly addNameRange     '5.7.0',
51 silly addNameRange     '5.8.0',
51 silly addNameRange     '5.9.0',
51 silly addNameRange     '5.9.1',
51 silly addNameRange     '5.9.2',
51 silly addNameRange     '5.9.3',
51 silly addNameRange     '5.10.0',
51 silly addNameRange     '5.10.1',
51 silly addNameRange     '5.11.0',
51 silly addNameRange     '5.11.1',
51 silly addNameRange     '5.11.2',
51 silly addNameRange     '5.12.0',
51 silly addNameRange     '5.12.1',
51 silly addNameRange     '5.12.2',
51 silly addNameRange     '5.13.0',
51 silly addNameRange     '5.13.1',
51 silly addNameRange     '6.0.0',
51 silly addNameRange     '6.0.1',
51 silly addNameRange     '6.0.2',
51 silly addNameRange     '6.0.3' ] ]
52 verbose addNamed [ 'browserify', '6.0.3' ]
53 verbose addNamed [ '6.0.3', '6.0.3' ]
54 silly lockFile 36e2d4c4-browserify-6-0-3 browserify@6.0.3
55 verbose lock browserify@6.0.3 /Users/abutair/.npm/36e2d4c4-browserify-6-0-3.lock
56 silly addNameRange number 2 { name: 'minify', range: '*', hasData: true }
57 silly addNameRange versions [ 'minify',
57 silly addNameRange   [ '0.1.0',
57 silly addNameRange     '0.1.1',
57 silly addNameRange     '0.1.2',
57 silly addNameRange     '0.1.3',
57 silly addNameRange     '0.1.4',
57 silly addNameRange     '0.1.5',
57 silly addNameRange     '0.1.6',
57 silly addNameRange     '0.1.7',
57 silly addNameRange     '0.1.8',
57 silly addNameRange     '0.1.9',
57 silly addNameRange     '0.2.0',
57 silly addNameRange     '0.2.1',
57 silly addNameRange     '0.2.2',
57 silly addNameRange     '0.2.3',
57 silly addNameRange     '0.2.4',
57 silly addNameRange     '0.2.5',
57 silly addNameRange     '0.2.6',
57 silly addNameRange     '0.3.0',
57 silly addNameRange     '0.3.1',
57 silly addNameRange     '0.3.2',
57 silly addNameRange     '0.3.3',
57 silly addNameRange     '0.3.4',
57 silly addNameRange     '0.4.0',
57 silly addNameRange     '0.4.1',
57 silly addNameRange     '0.5.0',
57 silly addNameRange     '0.5.1',
57 silly addNameRange     '0.6.0',
57 silly addNameRange     '0.6.1',
57 silly addNameRange     '0.6.2',
57 silly addNameRange     '0.6.3',
57 silly addNameRange     '0.6.4',
57 silly addNameRange     '0.7.0',
57 silly addNameRange     '0.7.1',
57 silly addNameRange     '0.8.0',
57 silly addNameRange     '0.8.1',
57 silly addNameRange     '0.8.2',
57 silly addNameRange     '0.8.3',
57 silly addNameRange     '0.8.4',
57 silly addNameRange     '0.9.0',
57 silly addNameRange     '1.0.0',
57 silly addNameRange     '1.0.1',
57 silly addNameRange     '1.0.2',
57 silly addNameRange     '1.0.3',
57 silly addNameRange     '1.0.4' ] ]
58 verbose addNamed [ 'minify', '1.0.4' ]
59 verbose addNamed [ '1.0.4', '1.0.4' ]
60 silly lockFile ce3d329f-minify-1-0-4 minify@1.0.4
61 verbose lock minify@1.0.4 /Users/abutair/.npm/ce3d329f-minify-1-0-4.lock
62 silly lockFile 5110abfb--browserify-browserify-6-0-3-tgz https://registry.npmjs.org/browserify/-/browserify-6.0.3.tgz
63 verbose lock https://registry.npmjs.org/browserify/-/browserify-6.0.3.tgz /Users/abutair/.npm/5110abfb--browserify-browserify-6-0-3-tgz.lock
64 verbose addRemoteTarball [ 'https://registry.npmjs.org/browserify/-/browserify-6.0.3.tgz',
64 verbose addRemoteTarball   '156504b6d1958125a896419cb6783fedd113308c' ]
65 silly lockFile e94e0536-pmjs-org-minify-minify-1-0-4-tgz https://registry.npmjs.org/minify/-/minify-1.0.4.tgz
66 verbose lock https://registry.npmjs.org/minify/-/minify-1.0.4.tgz /Users/abutair/.npm/e94e0536-pmjs-org-minify-minify-1-0-4-tgz.lock
67 verbose addRemoteTarball [ 'https://registry.npmjs.org/minify/-/minify-1.0.4.tgz',
67 verbose addRemoteTarball   'acc2eb8c6b64ddbb6eda06df92ced98b3f4de94a' ]
68 info retry fetch attempt 1 at 23:37:05
69 verbose fetch to= /var/folders/xv/6cwjjls124ndy775z_m2f33m0000gn/T/npm-13082-m7v2un6Y/registry.npmjs.org/browserify/-/browserify-6.0.3.tgz
70 info retry fetch attempt 1 at 23:37:05
71 verbose fetch to= /var/folders/xv/6cwjjls124ndy775z_m2f33m0000gn/T/npm-13082-m7v2un6Y/registry.npmjs.org/minify/-/minify-1.0.4.tgz
72 http GET https://registry.npmjs.org/browserify/-/browserify-6.0.3.tgz
73 http GET https://registry.npmjs.org/minify/-/minify-1.0.4.tgz
74 http 200 https://registry.npmjs.org/browserify/-/browserify-6.0.3.tgz
75 silly lockFile 5110abfb--browserify-browserify-6-0-3-tgz https://registry.npmjs.org/browserify/-/browserify-6.0.3.tgz
76 silly lockFile 5110abfb--browserify-browserify-6-0-3-tgz https://registry.npmjs.org/browserify/-/browserify-6.0.3.tgz
77 silly lockFile 36e2d4c4-browserify-6-0-3 browserify@6.0.3
78 silly lockFile 36e2d4c4-browserify-6-0-3 browserify@6.0.3
79 silly lockFile 80140245-browserify browserify@
80 silly lockFile 80140245-browserify browserify@
81 http 200 https://registry.npmjs.org/minify/-/minify-1.0.4.tgz
82 silly lockFile e94e0536-pmjs-org-minify-minify-1-0-4-tgz https://registry.npmjs.org/minify/-/minify-1.0.4.tgz
83 silly lockFile e94e0536-pmjs-org-minify-minify-1-0-4-tgz https://registry.npmjs.org/minify/-/minify-1.0.4.tgz
84 silly lockFile ce3d329f-minify-1-0-4 minify@1.0.4
85 silly lockFile ce3d329f-minify-1-0-4 minify@1.0.4
86 silly lockFile 956ebbaa-minify minify@
87 silly lockFile 956ebbaa-minify minify@
88 error Error: EACCES, mkdir '/Users/abutair/.npm/browserify/6.0.3'
88 error  { [Error: EACCES, mkdir '/Users/abutair/.npm/browserify/6.0.3']
88 error   errno: 3,
88 error   code: 'EACCES',
88 error   path: '/Users/abutair/.npm/browserify/6.0.3' }
89 error Please try running this command again as root/Administrator.
90 error System Darwin 13.4.0
91 error command "node" "/usr/local/bin/npm" "install" "-g" "browserify" "minify"
92 error cwd /Users/abutair/Desktop/Haytham Website/haythamabutair.github.io
93 error node -v v0.10.32
94 error npm -v 1.4.28
95 error path /Users/abutair/.npm/browserify/6.0.3
96 error code EACCES
97 error errno 3
98 error stack Error: EACCES, mkdir '/Users/abutair/.npm/browserify/6.0.3'
99 verbose exit [ 3, true ]
